[2023-08-26 22:52:56,178] INFO Shutting down the log cleaner. (kafka.log.LogCleaner)
[2023-09-10 12:19:55,944] INFO Starting the log cleaner (kafka.log.LogCleaner)
[2023-09-10 12:20:48,225] INFO Starting the log cleaner (kafka.log.LogCleaner)
[2023-09-10 12:20:57,738] INFO Shutting down the log cleaner. (kafka.log.LogCleaner)
[2023-09-11 10:46:04,463] INFO Starting the log cleaner (kafka.log.LogCleaner)
[2023-09-11 11:12:00,814] INFO Starting the log cleaner (kafka.log.LogCleaner)
[2023-09-12 22:03:31,353] INFO Starting the log cleaner (kafka.log.LogCleaner)
[2023-09-12 22:16:30,115] INFO Shutting down the log cleaner. (kafka.log.LogCleaner)
[2023-09-12 22:16:42,897] INFO Starting the log cleaner (kafka.log.LogCleaner)
[2023-09-12 22:17:40,414] INFO Shutting down the log cleaner. (kafka.log.LogCleaner)
[2023-09-12 22:18:10,574] INFO Starting the log cleaner (kafka.log.LogCleaner)
[2023-09-12 22:18:25,668] INFO Cleaner 0: Beginning cleaning of log __consumer_offsets-11 (kafka.log.LogCleaner)
[2023-09-12 22:18:25,669] INFO Cleaner 0: Building offset map for __consumer_offsets-11... (kafka.log.LogCleaner)
[2023-09-12 22:18:27,063] INFO Cleaner 0: Building offset map for log __consumer_offsets-11 for 1 segments in offset range [0, 10). (kafka.log.LogCleaner)
[2023-09-12 22:18:27,085] INFO Cleaner 0: Offset map for log __consumer_offsets-11 complete. (kafka.log.LogCleaner)
[2023-09-12 22:18:27,086] INFO Cleaner 0: Cleaning log __consumer_offsets-11 (cleaning prior to Sat Aug 26 22:52:27 WIB 2023, discarding tombstones prior to upper bound deletion horizon Thu Jan 01 07:00:00 WIB 1970)... (kafka.log.LogCleaner)
[2023-09-12 22:18:27,091] INFO Cleaner 0: Cleaning LogSegment(baseOffset=0, size=2644, lastModifiedTime=1693065147583, largestRecordTimestamp=Some(1693065147582)) in log __consumer_offsets-11 into 0 with an upper bound deletion horizon 0 computed from the segment last modified time of 1693065147583,retaining deletes. (kafka.log.LogCleaner)
[2023-09-12 22:18:27,544] INFO Cleaner 0: Swapping in cleaned segment LogSegment(baseOffset=0, size=240, lastModifiedTime=1693065147583, largestRecordTimestamp=Some(1693065147582)) for segment(s) List(LogSegment(baseOffset=0, size=2644, lastModifiedTime=1693065147583, largestRecordTimestamp=Some(1693065147582))) in log Log(dir=C:\kafka_2.13-3.5.1\data\kafka\__consumer_offsets-11, topicId=iSS0kI2BTXKr1gBzlp5B7A, topic=__consumer_offsets, partition=11, highWatermark=11, lastStableOffset=11, logStartOffset=0, logEndOffset=11) (kafka.log.LogCleaner)
[2023-09-12 22:18:27,603] INFO Cleaner 0: Beginning cleaning of log __consumer_offsets-11 (kafka.log.LogCleaner)
[2023-09-12 22:18:27,603] INFO Cleaner 0: Building offset map for __consumer_offsets-11... (kafka.log.LogCleaner)
[2023-09-12 22:18:27,636] INFO Cleaner 0: Building offset map for log __consumer_offsets-11 for 1 segments in offset range [0, 10). (kafka.log.LogCleaner)
[2023-09-12 22:18:27,638] INFO Cleaner 0: Offset map for log __consumer_offsets-11 complete. (kafka.log.LogCleaner)
[2023-09-12 22:18:27,638] INFO Cleaner 0: Cleaning log __consumer_offsets-11 (cleaning prior to Sat Aug 26 22:52:27 WIB 2023, discarding tombstones prior to upper bound deletion horizon Thu Jan 01 07:00:00 WIB 1970)... (kafka.log.LogCleaner)
